<?xml version="1.0" encoding="UTF-8"?>
<!-- Generated by org.testng.reporters.JUnitReportReporter -->
<testsuite hostname="JYOTHI" failures="0" tests="1" name="com.training.test.LoginTest" time="3.376" errors="0" timestamp="14 Jan 2022 01:28:20 GMT" skipped="0">
  <testcase classname="com.training.test.LoginTest" name="test" time="3.376"/>
</testsuite> <!-- com.training.test.LoginTest -->
